# JRE version: OpenJDK Runtime Environment (21.0.10+7) (build 21.0.10+7-Ubuntu-122.04)
# Java VM: OpenJDK 64-Bit Server VM (21.0.10+7-Ubuntu-122.04, mixed mode, sharing, tiered, compressed oops, compressed class ptrs, g1 gc, linux-amd64)
GC Precious Log:
 CardTable entry size: 512
 Card Set container configuration: InlinePtr #cards 3 size 8 Array Of Cards #cards 128 size 272 Howl #buckets 8 coarsen threshold 29491 Howl Bitmap #cards 4096 size 528 coarsen threshold 3686 Card regions per heap region 1 cards per card region 32768
 CPUs: 32 total, 31 available
 Memory: 125G
 Large Page Support: Disabled
 NUMA Support: Disabled
 Compressed Oops: Enabled (Non-zero disjoint base)
 Heap Region Size: 16M
 Heap Min Capacity: 16M
 Heap Initial Capacity: 2016M
 Heap Max Capacity: 30208M
 Pre-touch: Disabled
 Parallel Workers: 22
 Concurrent Workers: 6
 Concurrent Refinement Workers: 22
 Periodic GC: Disabled
Heap:
 garbage-first heap   total 2080768K, used 779669K [0x0000001801000000, 0x0000001f61000000)
  region size 16384K, 49 young (802816K), 1 survivors (16384K)
 Metaspace       used 20297K, committed 20608K, reserved 1114112K
  class space    used 2251K, committed 2368K, reserved 1048576K
GC Heap History (8 events):
Event: 12.925 GC heap before
{Heap before GC invocations=0 (full 0):
 garbage-first heap   total 2080768K, used 99377K [0x0000001801000000, 0x0000001f61000000)
  region size 16384K, 6 young (98304K), 0 survivors (0K)
 Metaspace       used 20190K, committed 20480K, reserved 1114112K
  class space    used 2250K, committed 2368K, reserved 1048576K
}
Event: 12.929 GC heap after
{Heap after GC invocations=1 (full 0):
 garbage-first heap   total 2080768K, used 9487K [0x0000001801000000, 0x0000001f61000000)
  region size 16384K, 1 young (16384K), 1 survivors (16384K)
 Metaspace       used 20190K, committed 20480K, reserved 1114112K
  class space    used 2250K, committed 2368K, reserved 1048576K
}
Event: 58.943 GC heap before
{Heap before GC invocations=1 (full 0):
 garbage-first heap   total 2080768K, used 91407K [0x0000001801000000, 0x0000001f61000000)
  region size 16384K, 6 young (98304K), 1 survivors (16384K)
 Metaspace       used 20289K, committed 20608K, reserved 1114112K
  class space    used 2250K, committed 2368K, reserved 1048576K
}
Event: 58.946 GC heap after
{Heap after GC invocations=2 (full 0):
 garbage-first heap   total 2080768K, used 9618K [0x0000001801000000, 0x0000001f61000000)
  region size 16384K, 1 young (16384K), 1 survivors (16384K)
 Metaspace       used 20289K, committed 20608K, reserved 1114112K
  class space    used 2250K, committed 2368K, reserved 1048576K
}
Event: 114.609 GC heap before
{Heap before GC invocations=2 (full 0):
 garbage-first heap   total 2080768K, used 107922K [0x0000001801000000, 0x0000001f61000000)
  region size 16384K, 7 young (114688K), 1 survivors (16384K)
 Metaspace       used 20293K, committed 20608K, reserved 1114112K
  class space    used 2250K, committed 2368K, reserved 1048576K
}
Event: 114.611 GC heap after
{Heap after GC invocations=3 (full 0):
 garbage-first heap   total 2080768K, used 9635K [0x0000001801000000, 0x0000001f61000000)
  region size 16384K, 1 young (16384K), 1 survivors (16384K)
 Metaspace       used 20293K, committed 20608K, reserved 1114112K
  class space    used 2250K, committed 2368K, reserved 1048576K
}
Event: 230.257 GC heap before
{Heap before GC invocations=3 (full 0):
 garbage-first heap   total 2080768K, used 206243K [0x0000001801000000, 0x0000001f61000000)
  region size 16384K, 13 young (212992K), 1 survivors (16384K)
 Metaspace       used 20297K, committed 20608K, reserved 1114112K
  class space    used 2251K, committed 2368K, reserved 1048576K
}
Event: 230.260 GC heap after
{Heap after GC invocations=4 (full 0):
 garbage-first heap   total 2080768K, used 9621K [0x0000001801000000, 0x0000001f61000000)
  region size 16384K, 1 young (16384K), 1 survivors (16384K)
 Metaspace       used 20297K, committed 20608K, reserved 1114112K
  class space    used 2251K, committed 2368K, reserved 1048576K
}

